[08-07-2019 22:38:37] PayPal\Core\PayPalHttpConnection : INFO: POST https://api.sandbox.paypal.com/v1/oauth2/token
[08-07-2019 22:38:38] PayPal\Core\PayPalHttpConnection : DEBUG: Request Headers 	: POST /v1/oauth2/token HTTP/1.1, Host: api.sandbox.paypal.com, User-Agent: PayPalSDK/PayPal-PHP-SDK 1.14.0 (platform-ver=7.2.14; bit=64; os=Windows_NT_10.0; machine=AMD64; crypto-lib-ver=1.1.1a; curl=7.61.1), Authorization: Basic QVNtQlhsc0kySV8wRWhjbVdVYlhFc1VvLTlFeVBJWEZ1UUlkMEUyQ1o0SnpoYXBsLTNYRGVvWTkyejJjVTI0Vk1JZGplTi1MZWNUX1ZZQ206RURfM01MMUxnclRza3dFU3JpajhPQ250QzRsZ0FRM1V2NTNWbmxrMXVXWWVNQV9PU2ZDM0VqaHFXdVZhNy1lVzR1RnFCZERGTS1Fc0k4b1Y=, Accept: */*, Content-Length: 29, Content-Type: application/x-www-form-urlencoded, , 
[08-07-2019 22:38:38] PayPal\Core\PayPalHttpConnection : DEBUG: Request Data		: grant_type=client_credentials
--------------------------------------------------------------------------------------------------------------------------------

[08-07-2019 22:38:38] PayPal\Core\PayPalHttpConnection : INFO: Response Status 	: 401
[08-07-2019 22:38:38] PayPal\Core\PayPalHttpConnection : DEBUG: Response Headers	: Date: Mon, 08 Jul 2019 22:38:37 GMT, Server: Apache, paypal-debug-id: 1faf1abad49f1, X-PAYPAL-TOKEN-SERVICE: IAAS, HTTP_X_PP_AZ_LOCATOR: sandbox.slc, Paypal-Debug-Id: 1faf1abad49f1, Set-Cookie: X-PP-SILOVER=; Expires=Thu, 01 Jan 1970 00:00:01 GMT, Vary: Authorization, Content-Length: 77, Connection: close, Content-Type: application/json, 
[08-07-2019 22:38:38] PayPal\Core\PayPalHttpConnection : ERROR: Got Http response code 401 when accessing https://api.sandbox.paypal.com/v1/oauth2/token. {"error":"invalid_client","error_description":"Client Authentication failed"}
[08-07-2019 22:38:38] PayPal\Core\PayPalHttpConnection : DEBUG: 

================================================================================================================================

[08-07-2019 22:38:53] PayPal\Core\PayPalHttpConnection : INFO: POST https://api.sandbox.paypal.com/v1/oauth2/token
[08-07-2019 22:38:54] PayPal\Core\PayPalHttpConnection : DEBUG: Request Headers 	: POST /v1/oauth2/token HTTP/1.1, Host: api.sandbox.paypal.com, User-Agent: PayPalSDK/PayPal-PHP-SDK 1.14.0 (platform-ver=7.2.14; bit=64; os=Windows_NT_10.0; machine=AMD64; crypto-lib-ver=1.1.1a; curl=7.61.1), Authorization: Basic QVNtQlhsc0kySV8wRWhjbVdVYlhFc1VvLTlFeVBJWEZ1UUlkMEUyQ1o0SnpoYXBsLTNYRGVvWTkyejJjVTI0Vk1JZGplTi1MZWNUX1ZZQ206RURfM01MMUxnclRza3dFU3JpajhPQ250QzRsZ0FRM1V2NTNWbmxrMXVXWWVNQV9PU2ZDM0VqaHFXdVZhNy1lVzR1RnFCZERGTS1Fc0k4b1Y=, Accept: */*, Content-Length: 29, Content-Type: application/x-www-form-urlencoded, , 
[08-07-2019 22:38:54] PayPal\Core\PayPalHttpConnection : DEBUG: Request Data		: grant_type=client_credentials
--------------------------------------------------------------------------------------------------------------------------------

[08-07-2019 22:38:54] PayPal\Core\PayPalHttpConnection : INFO: Response Status 	: 401
[08-07-2019 22:38:54] PayPal\Core\PayPalHttpConnection : DEBUG: Response Headers	: Date: Mon, 08 Jul 2019 22:38:53 GMT, Server: Apache, paypal-debug-id: 954bb1b9cd001, X-PAYPAL-TOKEN-SERVICE: IAAS, HTTP_X_PP_AZ_LOCATOR: sandbox.slc, Paypal-Debug-Id: 954bb1b9cd001, Set-Cookie: X-PP-SILOVER=; Expires=Thu, 01 Jan 1970 00:00:01 GMT, Vary: Authorization, Content-Length: 77, Connection: close, Content-Type: application/json, 
[08-07-2019 22:38:54] PayPal\Core\PayPalHttpConnection : ERROR: Got Http response code 401 when accessing https://api.sandbox.paypal.com/v1/oauth2/token. {"error":"invalid_client","error_description":"Client Authentication failed"}
[08-07-2019 22:38:54] PayPal\Core\PayPalHttpConnection : DEBUG: 

================================================================================================================================

[08-07-2019 22:39:45] PayPal\Core\PayPalHttpConnection : INFO: POST https://api.paypal.com/v1/oauth2/token
[08-07-2019 22:39:48] PayPal\Core\PayPalHttpConnection : INFO: Response Status 	: 200
[08-07-2019 22:39:48] PayPal\Core\PayPalHttpConnection : INFO: POST https://api.paypal.com/v1/payments/payment
[08-07-2019 22:39:49] PayPal\Core\PayPalHttpConnection : INFO: Response Status 	: 201
